<?xml version="1.0" encoding="UTF-8"?>
<!-- Generated by org.testng.reporters.JUnitReportReporter -->
<testsuite hostname="DESKTOP-5U485HB" failures="0" tests="5" name="Tests.DataProviderTest" time="31.745" errors="0" timestamp="2022-06-01T22:24:51 IST" skipped="0">
  <testcase classname="Tests.DataProviderTest" name="TestData" time="3.342"/>
  <system-out/>
  <testcase classname="Tests.DataProviderTest" name="TestData" time="3.348"/>
  <system-out/>
  <testcase classname="Tests.DataProviderTest" name="TestData" time="15.528"/>
  <system-out/>
  <testcase classname="Tests.DataProviderTest" name="TestData" time="4.843"/>
  <system-out/>
  <testcase classname="Tests.DataProviderTest" name="TestData" time="4.684"/>
  <system-out/>
</testsuite> <!-- Tests.DataProviderTest -->
