<?xml version="1.0" encoding="UTF-8"?>
<!-- Generated by org.testng.reporters.JUnitReportReporter -->
<testsuite hostname="DESKTOP-5U485HB" failures="0" tests="5" name="Tests.DataProviderTest" time="20.643" errors="0" timestamp="2022-07-15T13:52:51 IST" skipped="0">
  <testcase classname="Tests.DataProviderTest" name="TestData" time="6.161"/>
  <system-out/>
  <testcase classname="Tests.DataProviderTest" name="TestData" time="4.099"/>
  <system-out/>
  <testcase classname="Tests.DataProviderTest" name="TestData" time="3.072"/>
  <system-out/>
  <testcase classname="Tests.DataProviderTest" name="TestData" time="3.123"/>
  <system-out/>
  <testcase classname="Tests.DataProviderTest" name="TestData" time="4.188"/>
  <system-out/>
</testsuite> <!-- Tests.DataProviderTest -->
