<?xml version="1.0" encoding="UTF-8"?>
<!-- Generated by org.testng.reporters.JUnitReportReporter -->
<testsuite hostname="DESKTOP-5U485HB" failures="0" tests="1" name="Tests.HomePageTest" time="0.023" errors="0" timestamp="2022-06-01T22:24:51 IST" skipped="0">
  <testcase classname="Tests.HomePageTest" name="verifyPageTitle" time="0.023"/>
  <system-out/>
</testsuite> <!-- Tests.HomePageTest -->
