<?xml version="1.0" encoding="UTF-8"?>
<!-- Generated by org.testng.reporters.JUnitReportReporter -->
<testsuite hostname="DESKTOP-5U485HB" failures="0" tests="2" name="Tests.SearchResultsPageTest" time="9.397" errors="0" timestamp="2022-07-15T13:52:51 IST" skipped="1">
  <testcase classname="Tests.SearchResultsPageTest" name="verifySearchButtonFunctionality" time="9.397"/>
  <system-out/>
  <testcase classname="Tests.SearchResultsPageTest" name="getTotalRows">
    <skipped/>
  </testcase> <!-- getTotalRows -->
  <system-out/>
</testsuite> <!-- Tests.SearchResultsPageTest -->
