<?xml version="1.0" encoding="UTF-8"?>
<!-- Generated by org.testng.reporters.JUnitReportReporter -->
<testsuite hostname="DESKTOP-5U485HB" failures="0" tests="1" name="Tests.HomePageTest" time="0.011" errors="0" timestamp="2022-07-15T17:12:22 IST" skipped="0">
  <testcase classname="Tests.HomePageTest" name="verifyPageTitle" time="0.011"/>
  <system-out/>
</testsuite> <!-- Tests.HomePageTest -->
