<?xml version="1.0" encoding="UTF-8"?>
<!-- Generated by org.testng.reporters.JUnitReportReporter -->
<testsuite hostname="DESKTOP-5U485HB" failures="0" tests="5" name="Tests.DataProviderTest" time="21.522" errors="0" timestamp="2022-07-15T17:12:22 IST" skipped="0">
  <testcase classname="Tests.DataProviderTest" name="TestData" time="5.080"/>
  <system-out/>
  <testcase classname="Tests.DataProviderTest" name="TestData" time="3.176"/>
  <system-out/>
  <testcase classname="Tests.DataProviderTest" name="TestData" time="3.683"/>
  <system-out/>
  <testcase classname="Tests.DataProviderTest" name="TestData" time="6.315"/>
  <system-out/>
  <testcase classname="Tests.DataProviderTest" name="TestData" time="3.268"/>
  <system-out/>
</testsuite> <!-- Tests.DataProviderTest -->
